2024-01-29T15:09:02.781 - F
2024-01-29T15:09:02.790 - A
2024-01-29T15:09:02.792 - S
2024-01-29T15:09:02.792 - J
2024-01-29T15:09:02.848 - D
2024-01-29T15:09:02.913 - L
2024-01-29T15:09:02.913 - K
2024-01-29T15:09:02.920 - F
2024-01-29T15:09:02.960 - J
2024-01-29T15:09:03.024 - S
2024-01-29T15:09:03.032 - D
2024-01-29T15:09:03.032 - A
2024-01-29T15:09:03.120 - K
2024-01-29T15:09:03.121 - F
2024-01-29T15:09:03.137 - J
2024-01-29T15:09:03.216 - K
2024-01-29T15:09:03.217 - L
2024-01-29T15:09:03.232 - S
2024-01-29T15:09:03.313 - J
2024-01-29T15:09:03.314 - D
2024-01-29T15:09:03.314 - A
2024-01-29T15:09:03.328 - F
2024-01-29T15:09:03.385 - K
2024-01-29T15:09:03.400 - L
2024-01-29T15:09:03.441 - S
2024-01-29T15:09:03.521 - D
2024-01-29T15:09:03.522 - A
2024-01-29T15:09:03.523 - J
2024-01-29T15:09:03.545 - F
2024-01-29T15:09:03.576 - K
2024-01-29T15:09:03.592 - L
2024-01-29T15:09:03.649 - S
2024-01-29T15:09:03.656 - D
2024-01-29T15:09:03.672 - J
2024-01-29T15:09:03.760 - F
2024-01-29T15:09:03.793 - L
2024-01-29T15:09:03.816 - K
2024-01-29T15:09:03.896 - Space
2024-01-29T15:09:03.912 - J
2024-01-29T15:09:03.961 - E
2024-01-29T15:09:04.025 - W
2024-01-29T15:09:04.040 - L
2024-01-29T15:09:04.129 - K
2024-01-29T15:09:04.130 - R
2024-01-29T15:09:04.176 - J
2024-01-29T15:09:04.240 - Q
2024-01-29T15:09:04.241 - W
2024-01-29T15:09:04.289 - L
2024-01-29T15:09:04.352 - E
2024-01-29T15:09:04.392 - J
2024-01-29T15:09:04.400 - R
2024-01-29T15:09:04.584 - Enter
